<?xml version="1.0" encoding="UTF-8"?>
<!-- Generated by org.testng.reporters.JUnitXMLReporter -->
<testsuite hostname="DT37632" ignored="0" name="Default test" tests="3" failures="0" timestamp="30 Apr 2018 03:33:44 GMT" time="0.058" errors="0">
  <testcase name="test" time="0.006" classname="com.test.learntestng.DataProviderTest"/>
  <testcase name="test" time="0.001" classname="com.test.learntestng.DataProviderTest"/>
  <testcase name="test" time="0.003" classname="com.test.learntestng.DataProviderTest"/>
</testsuite> <!-- Default test -->
