<?xml version="1.0" encoding="UTF-8"?>
<!-- Generated by org.testng.reporters.JUnitXMLReporter -->
<testsuite hostname="DT37632" ignored="0" name="dependsOnTest" tests="3" failures="0" timestamp="30 Apr 2018 03:47:28 GMT" time="0.016" errors="0">
  <testcase name="login" time="0.004" classname="com.test.learntestng.DependsOnTest"/>
  <testcase name="logout" time="0.002" classname="com.test.learntestng.DependsOnTest"/>
  <testcase name="test1" time="0.001" classname="com.test.learntestng.DependsOnTest"/>
</testsuite> <!-- dependsOnTest -->
