<?xml version="1.0" encoding="UTF-8"?>
<!-- Generated by org.testng.reporters.JUnitXMLReporter -->
<testsuite hostname="DT37632" ignored="1" name="enableAndDisableTest" tests="1" failures="0" timestamp="30 Apr 2018 03:47:28 GMT" time="0.004" errors="0">
  <testcase name="test1" time="0.002" classname="com.test.learntestng.EnableAndDisableTest"/>
  <testcase name="test2" time="0.0" classname="com.test.learntestng.EnableAndDisableTest">
    <ignored/>
  </testcase> <!-- test2 -->
</testsuite> <!-- enableAndDisableTest -->
