<?xml version="1.0" encoding="UTF-8"?>
<!-- Generated by org.testng.reporters.JUnitXMLReporter -->
<testsuite hostname="DT37632" ignored="4" name="groupsTest" tests="1" failures="0" timestamp="30 Apr 2018 03:47:28 GMT" time="0.006" errors="0">
  <testcase name="test5" time="0.001" classname="com.test.learntestng.GroupTest"/>
  <testcase name="test1" time="0.0" classname="com.test.learntestng.GroupTest">
    <ignored/>
  </testcase> <!-- test1 -->
  <testcase name="test2" time="0.0" classname="com.test.learntestng.GroupTest">
    <ignored/>
  </testcase> <!-- test2 -->
  <testcase name="test4" time="0.0" classname="com.test.learntestng.GroupTest">
    <ignored/>
  </testcase> <!-- test4 -->
  <testcase name="test3" time="0.0" classname="com.test.learntestng.GroupTest">
    <ignored/>
  </testcase> <!-- test3 -->
</testsuite> <!-- groupsTest -->
